<?xml version="1.0" encoding="UTF-8"?>
<!-- Generated by org.testng.reporters.JUnitReportReporter -->
<testsuite skipped="0" hostname="GGKU5DELL1110" name="practice.Dammy" tests="2" failures="0" timestamp="2020-10-19T10:50:10 IST" time="0.006" errors="0">
  <testcase name="test" time="0.004" classname="practice.Dammy"/>
  <system-out/>
  <testcase name="test1" time="0.002" classname="practice.Dammy"/>
  <system-out/>
</testsuite> <!-- practice.Dammy -->
