<?xml version="1.0" encoding="UTF-8"?>
<!-- Generated by org.testng.reporters.JUnitReportReporter -->
<testsuite skipped="0" hostname="GGKU5DELL1110" name="practice.Dammy1" tests="4" failures="0" timestamp="2020-10-19T10:50:10 IST" time="0.004" errors="0">
  <testcase name="test3" time="0.001" classname="practice.Dammy1"/>
  <system-out/>
  <testcase name="test2" time="0.001" classname="practice.Dammy1"/>
  <system-out/>
  <testcase name="test4" time="0.001" classname="practice.Dammy1"/>
  <system-out/>
  <testcase name="sa" time="0.001" classname="practice.Dammy1"/>
  <system-out/>
</testsuite> <!-- practice.Dammy1 -->
